0 info it worked if it ends with ok
1 verbose cli [ '/usr/local/bin/node', '/usr/local/bin/npm', 'run', 'build' ]
2 info using npm@3.3.12
3 info using node@v5.5.0
4 verbose run-script [ 'prebuild', 'build', 'postbuild' ]
5 info lifecycle django-react@0.0.1~prebuild: django-react@0.0.1
6 silly lifecycle django-react@0.0.1~prebuild: no script for prebuild, continuing
7 info lifecycle django-react@0.0.1~build: django-react@0.0.1
8 verbose lifecycle django-react@0.0.1~build: unsafe-perm in lifecycle true
9 verbose lifecycle django-react@0.0.1~build: PATH: /usr/local/lib/node_modules/npm/bin/node-gyp-bin:/Users/alec/projects/django_react/node_modules/.bin:/Users/alec/projects/django_react/venv/bin:/usr/local/mysql-5.7.10-osx10.9-x86_64/bin:/Library/Frameworks/Python.framework/Versions/3.5/bin:/Library/Frameworks/Python.framework/Versions/2.7/bin://anaconda/bin:/usr/local/bin:/usr/bin:/bin:/usr/sbin:/sbin:/usr/local/bin:/usr/local/MacGPG2/bin:/usr/local/mysql/bin:/usr/local/mysql-5.7.10-osx10.9-x86_64/bin:/Library/Frameworks/Python.framework/Versions/3.5/bin:/Library/Frameworks/Python.framework/Versions/2.7/bin://anaconda/bin:/Applications/Postgres.app/Contents/Versions/latest/bin:/Applications/Postgres.app/Contents/Versions/latest/bin
10 verbose lifecycle django-react@0.0.1~build: CWD: /Users/alec/projects/django_react
11 silly lifecycle django-react@0.0.1~build: Args: [ '-c', 'webpack --config webpack.config.js' ]
12 silly lifecycle django-react@0.0.1~build: Returned: code: 1  signal: null
13 info lifecycle django-react@0.0.1~build: Failed to exec build script
14 verbose stack Error: django-react@0.0.1 build: `webpack --config webpack.config.js`
14 verbose stack Exit status 1
14 verbose stack     at EventEmitter.<anonymous> (/usr/local/lib/node_modules/npm/lib/utils/lifecycle.js:232:16)
14 verbose stack     at emitTwo (events.js:100:13)
14 verbose stack     at EventEmitter.emit (events.js:185:7)
14 verbose stack     at ChildProcess.<anonymous> (/usr/local/lib/node_modules/npm/lib/utils/spawn.js:24:14)
14 verbose stack     at emitTwo (events.js:100:13)
14 verbose stack     at ChildProcess.emit (events.js:185:7)
14 verbose stack     at maybeClose (internal/child_process.js:821:16)
14 verbose stack     at Process.ChildProcess._handle.onexit (internal/child_process.js:211:5)
15 verbose pkgid django-react@0.0.1
16 verbose cwd /Users/alec/projects/django_react
17 error Darwin 15.4.0
18 error argv "/usr/local/bin/node" "/usr/local/bin/npm" "run" "build"
19 error node v5.5.0
20 error npm  v3.3.12
21 error code ELIFECYCLE
22 error django-react@0.0.1 build: `webpack --config webpack.config.js`
22 error Exit status 1
23 error Failed at the django-react@0.0.1 build script 'webpack --config webpack.config.js'.
23 error Make sure you have the latest version of node.js and npm installed.
23 error If you do, this is most likely a problem with the django-react package,
23 error not with npm itself.
23 error Tell the author that this fails on your system:
23 error     webpack --config webpack.config.js
23 error You can get their info via:
23 error     npm owner ls django-react
23 error There is likely additional logging output above.
24 verbose exit [ 1, true ]
